Arguments: 
  E:\nodejs\node.exe E:\nodejs\node_global\node_modules\yarn\bin\yarn.js add vuedraggable

PATH: 
  C:\Program Files (x86)\Common Files\Intel\Shared Libraries\redist\intel64_win\compiler;E:\app\wangying\product\11.2.0\dbhome_1\bin;D:\app;C:\ProgramData\Oracle\Java\javapath;C:\Program Files (x86)\Intel\iCLS Client\;C:\Program Files\Intel\iCLS Client\;D:\app\wangying\product\11.2.0\client_1\bin;C:\Windows\system32;C:\Windows;C:\Windows\System32\Wbem;C:\Windows\System32\WindowsPowerShell\v1.0\;C:\Program Files (x86)\NVIDIA Corporation\PhysX\Common;C:\Program Files (x86)\Intel\Intel(R) Management Engine Components\DAL;C:\Program Files\Intel\Intel(R) Management Engine Components\DAL;C:\Program Files (x86)\Intel\Intel(R) Management Engine Components\IPT;C:\Program Files\Intel\Intel(R) Management Engine Components\IPT;C:\WINDOWS\system32;C:\WINDOWS;C:\WINDOWS\System32\Wbem;C:\WINDOWS\System32\WindowsPowerShell\v1.0\;C:\WINDOWS\System32\OpenSSH\;C:\Program Files\Java\jdk1.8.0_161\bin;C:\Program Files\Java\jdk1.8.0_161\jre\bin;C:\WINDOWS\system32\config\systemprofile\.dnx\bin;C:\Program Files\Microsoft DNX\Dnvm\;C:\Program Files\Microsoft SQL Server\120\Tools\Binn\;C:\Program Files\Microsoft SQL Server\130\Tools\Binn\;D:\Program Files (x86)\MinGW\bin;C:\Program Files\Intel\WiFi\bin\;C:\Program Files\Common Files\Intel\WirelessCommon\;D:\Program Files\sonar-scanner-3.0.3.778-windows\bin;D:\maven\apache-maven-3.8.5\bin;C:\Program Files (x86)\Windows Kits\8.1\Windows Performance Toolkit\;D:\Program Files\CMake\bin;D:\Program Files\Git\cmd;C:\Strawberry\c\bin;C:\Strawberry\perl\site\bin;C:\Strawberry\perl\bin;E:\Qt\Qt5.12.4\5.12.4\mingw73_64\bin;E:\Qt\Qt5.12.4\Tools\mingw730_64\bin;E:\sqlite;E:\Redis-x64-5.0.14.1;E:\nodejs\;E:\nodejs\node_global;E:\nodejs\node_global\node_modules\yarn\bin;E:\Qt\Qt5.14.2\5.14.2\mingw73_64\bin;E:\Qt\Qt5.14.2\Tools\mingw730_64\bin;D:\Program Files (x86)\Tencent\微信web开发者工具\dll;D:\Program Files\TortoiseSVN\bin;C:\Users\wangying.DESKTOP-B639CFR\AppData\Local\Programs\Python\Python311\Scripts\;C:\Users\wangying.DESKTOP-B639CFR\AppData\Local\Programs\Python\Python311\;C:\Users\wangying.DESKTOP-B639CFR\AppData\Local\Microsoft\WindowsApps;;D:\Program Files\Microsoft VS Code\bin;C:\Users\wangying.DESKTOP-B639CFR\AppData\Roaming\npm;D:\JetBrains\IDEA\bin;

Yarn version: 
  1.22.19

Node version: 
  18.12.1

Platform: 
  win32 x64

Trace: 
  Error: EPERM: operation not permitted, mkdir 'E:\nodejs\yarn\cache\v6\npm-element-plus-2.3.7-544a127f0e65f51715e3b24ec3ebf545c46859cd-integrity'

npm manifest: 
  {
    "name": "vite-project",
    "private": true,
    "version": "0.0.0",
    "type": "module",
    "scripts": {
      "dev": "vite",
      "build": "vite build",
      "preview": "vite preview"
    },
    "dependencies": {
      "@element-plus/icons-vue": "^2.1.0",
      "element-plus": "^2.3.7",
      "vue": "^3.3.4",
      "vue-router": "^4.2.4"
    },
    "devDependencies": {
      "@vitejs/plugin-vue": "^4.2.3",
      "sass": "^1.63.6",
      "sass-loader": "^13.3.2",
      "vite": "^4.4.0"
    }
  }

yarn manifest: 
  No manifest

Lockfile: 
  No lockfile
